{"C:\\Users\\Setha\\Desktop\\Application Setharkk\\src\\core\\interactive-chat\\index.ts": {"path":"C:\\Users\\Setha\\Desktop\\Application Setharkk\\src\\core\\interactive-chat\\index.ts","statementMap":{"0":{"start":{"line":1,"column":0},"end":{"line":1,"column":71}},"1":{"start":{"line":3,"column":0},"end":{"line":3,"column":38}},"2":{"start":{"line":38,"column":0},"end":{"line":38,"column":null}},"3":{"start":{"line":39,"column":4},"end":{"line":39,"column":null}},"4":{"start":{"line":40,"column":4},"end":{"line":40,"column":null}},"5":{"start":{"line":41,"column":4},"end":{"line":41,"column":null}},"6":{"start":{"line":42,"column":4},"end":{"line":42,"column":null}},"7":{"start":{"line":45,"column":0},"end":{"line":45,"column":null}},"8":{"start":{"line":46,"column":4},"end":{"line":46,"column":null}},"9":{"start":{"line":47,"column":4},"end":{"line":47,"column":null}},"10":{"start":{"line":48,"column":4},"end":{"line":48,"column":null}},"11":{"start":{"line":58,"column":11},"end":{"line":58,"column":null}},"12":{"start":{"line":59,"column":11},"end":{"line":59,"column":null}},"13":{"start":{"line":60,"column":11},"end":{"line":60,"column":null}},"14":{"start":{"line":61,"column":11},"end":{"line":61,"column":null}},"15":{"start":{"line":62,"column":11},"end":{"line":62,"column":null}},"16":{"start":{"line":64,"column":12},"end":{"line":64,"column":null}},"17":{"start":{"line":65,"column":12},"end":{"line":65,"column":null}},"18":{"start":{"line":66,"column":12},"end":{"line":66,"column":null}},"19":{"start":{"line":69,"column":8},"end":{"line":69,"column":27}},"20":{"start":{"line":70,"column":8},"end":{"line":70,"column":47}},"21":{"start":{"line":74,"column":8},"end":{"line":74,"column":49}},"22":{"start":{"line":77,"column":8},"end":{"line":77,"column":32}},"23":{"start":{"line":80,"column":8},"end":{"line":80,"column":35}},"24":{"start":{"line":82,"column":8},"end":{"line":82,"column":44}},"25":{"start":{"line":86,"column":8},"end":{"line":86,"column":44}},"26":{"start":{"line":87,"column":8},"end":{"line":87,"column":47}},"27":{"start":{"line":91,"column":8},"end":{"line":117,"column":9}},"28":{"start":{"line":93,"column":12},"end":{"line":93,"column":42}},"29":{"start":{"line":96,"column":28},"end":{"line":96,"column":66}},"30":{"start":{"line":99,"column":28},"end":{"line":99,"column":53}},"31":{"start":{"line":100,"column":12},"end":{"line":102,"column":13}},"32":{"start":{"line":101,"column":16},"end":{"line":101,"column":97}},"33":{"start":{"line":105,"column":29},"end":{"line":105,"column":67}},"34":{"start":{"line":108,"column":12},"end":{"line":108,"column":65}},"35":{"start":{"line":111,"column":12},"end":{"line":111,"column":88}},"36":{"start":{"line":113,"column":12},"end":{"line":113,"column":28}},"37":{"start":{"line":115,"column":33},"end":{"line":115,"column":108}},"38":{"start":{"line":116,"column":12},"end":{"line":116,"column":98}},"39":{"start":{"line":121,"column":8},"end":{"line":121,"column":36}},"40":{"start":{"line":125,"column":26},"end":{"line":125,"column":43}},"41":{"start":{"line":126,"column":8},"end":{"line":126,"column":43}},"42":{"start":{"line":130,"column":8},"end":{"line":130,"column":71}},"43":{"start":{"line":134,"column":8},"end":{"line":134,"column":88}},"44":{"start":{"line":135,"column":8},"end":{"line":135,"column":86}},"45":{"start":{"line":139,"column":8},"end":{"line":141,"column":9}},"46":{"start":{"line":140,"column":12},"end":{"line":140,"column":64}},"47":{"start":{"line":142,"column":8},"end":{"line":144,"column":9}},"48":{"start":{"line":143,"column":12},"end":{"line":143,"column":61}},"49":{"start":{"line":148,"column":8},"end":{"line":150,"column":9}},"50":{"start":{"line":149,"column":12},"end":{"line":149,"column":35}},"51":{"start":{"line":151,"column":8},"end":{"line":157,"column":10}},"52":{"start":{"line":161,"column":8},"end":{"line":161,"column":73}},"53":{"start":{"line":161,"column":45},"end":{"line":161,"column":71}},"54":{"start":{"line":169,"column":8},"end":{"line":169,"column":38}},"55":{"start":{"line":170,"column":8},"end":{"line":170,"column":39}},"56":{"start":{"line":171,"column":8},"end":{"line":171,"column":40}},"57":{"start":{"line":175,"column":23},"end":{"line":175,"column":72}},"58":{"start":{"line":176,"column":8},"end":{"line":178,"column":9}},"59":{"start":{"line":177,"column":12},"end":{"line":177,"column":38}},"60":{"start":{"line":179,"column":8},"end":{"line":179,"column":48}},"61":{"start":{"line":183,"column":8},"end":{"line":186,"column":10}},"62":{"start":{"line":190,"column":8},"end":{"line":196,"column":10}},"63":{"start":{"line":200,"column":8},"end":{"line":204,"column":10}},"64":{"start":{"line":209,"column":8},"end":{"line":209,"column":59}},"65":{"start":{"line":214,"column":8},"end":{"line":214,"column":45}},"66":{"start":{"line":227,"column":4},"end":{"line":227,"column":19}}},"fnMap":{"0":{"name":"(anonymous_0)","decl":{"start":{"line":38,"column":0},"end":{"line":38,"column":5}},"loc":{"start":{"line":38,"column":16},"end":{"line":43,"column":1}}},"1":{"name":"(anonymous_1)","decl":{"start":{"line":45,"column":0},"end":{"line":45,"column":5}},"loc":{"start":{"line":45,"column":19},"end":{"line":49,"column":1}}},"2":{"name":"(anonymous_2)","decl":{"start":{"line":68,"column":4},"end":{"line":68,"column":16}},"loc":{"start":{"line":68,"column":28},"end":{"line":71,"column":5}}},"3":{"name":"(anonymous_3)","decl":{"start":{"line":73,"column":4},"end":{"line":73,"column":9}},"loc":{"start":{"line":73,"column":20},"end":{"line":83,"column":5}}},"4":{"name":"(anonymous_4)","decl":{"start":{"line":85,"column":4},"end":{"line":85,"column":9}},"loc":{"start":{"line":85,"column":19},"end":{"line":88,"column":5}}},"5":{"name":"(anonymous_5)","decl":{"start":{"line":90,"column":4},"end":{"line":90,"column":9}},"loc":{"start":{"line":90,"column":42},"end":{"line":118,"column":5}}},"6":{"name":"(anonymous_6)","decl":{"start":{"line":120,"column":4},"end":{"line":120,"column":19}},"loc":{"start":{"line":120,"column":47},"end":{"line":122,"column":5}}},"7":{"name":"(anonymous_7)","decl":{"start":{"line":124,"column":4},"end":{"line":124,"column":9}},"loc":{"start":{"line":124,"column":20},"end":{"line":127,"column":5}}},"8":{"name":"(anonymous_8)","decl":{"start":{"line":129,"column":12},"end":{"line":129,"column":17}},"loc":{"start":{"line":129,"column":28},"end":{"line":131,"column":5}}},"9":{"name":"(anonymous_9)","decl":{"start":{"line":133,"column":12},"end":{"line":133,"column":31}},"loc":{"start":{"line":133,"column":31},"end":{"line":136,"column":5}}},"10":{"name":"(anonymous_10)","decl":{"start":{"line":138,"column":12},"end":{"line":138,"column":27}},"loc":{"start":{"line":138,"column":48},"end":{"line":145,"column":5}}},"11":{"name":"(anonymous_11)","decl":{"start":{"line":147,"column":12},"end":{"line":147,"column":17}},"loc":{"start":{"line":147,"column":57},"end":{"line":158,"column":5}}},"12":{"name":"(anonymous_12)","decl":{"start":{"line":160,"column":12},"end":{"line":160,"column":23}},"loc":{"start":{"line":160,"column":44},"end":{"line":162,"column":5}}},"13":{"name":"(anonymous_13)","decl":{"start":{"line":161,"column":34},"end":{"line":161,"column":41}},"loc":{"start":{"line":161,"column":45},"end":{"line":161,"column":71}}},"14":{"name":"(anonymous_14)","decl":{"start":{"line":164,"column":12},"end":{"line":164,"column":17}},"loc":{"start":{"line":167,"column":30},"end":{"line":172,"column":5}}},"15":{"name":"(anonymous_15)","decl":{"start":{"line":174,"column":12},"end":{"line":174,"column":17}},"loc":{"start":{"line":174,"column":47},"end":{"line":180,"column":5}}},"16":{"name":"(anonymous_16)","decl":{"start":{"line":182,"column":12},"end":{"line":182,"column":17}},"loc":{"start":{"line":182,"column":50},"end":{"line":187,"column":5}}},"17":{"name":"(anonymous_17)","decl":{"start":{"line":189,"column":12},"end":{"line":189,"column":28}},"loc":{"start":{"line":189,"column":46},"end":{"line":197,"column":5}}},"18":{"name":"(anonymous_18)","decl":{"start":{"line":199,"column":12},"end":{"line":199,"column":31}},"loc":{"start":{"line":199,"column":69},"end":{"line":205,"column":5}}},"19":{"name":"(anonymous_19)","decl":{"start":{"line":207,"column":12},"end":{"line":207,"column":17}},"loc":{"start":{"line":207,"column":70},"end":{"line":210,"column":5}}},"20":{"name":"(anonymous_20)","decl":{"start":{"line":212,"column":12},"end":{"line":212,"column":17}},"loc":{"start":{"line":212,"column":69},"end":{"line":215,"column":5}}}},"branchMap":{"0":{"loc":{"start":{"line":38,"column":5},"end":{"line":38,"column":null}},"type":"binary-expr","locations":[{"start":{"line":38,"column":5},"end":{"line":38,"column":16}},{"start":{"line":38,"column":16},"end":{"line":38,"column":null}}]},"1":{"loc":{"start":{"line":45,"column":5},"end":{"line":45,"column":null}},"type":"binary-expr","locations":[{"start":{"line":45,"column":5},"end":{"line":45,"column":19}},{"start":{"line":45,"column":19},"end":{"line":45,"column":null}}]},"2":{"loc":{"start":{"line":100,"column":12},"end":{"line":102,"column":13}},"type":"if","locations":[{"start":{"line":100,"column":12},"end":{"line":102,"column":13}}]},"3":{"loc":{"start":{"line":115,"column":33},"end":{"line":115,"column":108}},"type":"cond-expr","locations":[{"start":{"line":115,"column":58},"end":{"line":115,"column":71}},{"start":{"line":115,"column":74},"end":{"line":115,"column":108}}]},"4":{"loc":{"start":{"line":139,"column":8},"end":{"line":141,"column":9}},"type":"if","locations":[{"start":{"line":139,"column":8},"end":{"line":141,"column":9}}]},"5":{"loc":{"start":{"line":142,"column":8},"end":{"line":144,"column":9}},"type":"if","locations":[{"start":{"line":142,"column":8},"end":{"line":144,"column":9}}]},"6":{"loc":{"start":{"line":148,"column":8},"end":{"line":150,"column":9}},"type":"if","locations":[{"start":{"line":148,"column":8},"end":{"line":150,"column":9}}]},"7":{"loc":{"start":{"line":176,"column":8},"end":{"line":178,"column":9}},"type":"if","locations":[{"start":{"line":176,"column":8},"end":{"line":178,"column":9}}]}},"s":{"0":1,"1":1,"2":1,"3":1,"4":1,"5":1,"6":1,"7":1,"8":1,"9":1,"10":1,"11":7,"12":7,"13":7,"14":7,"15":7,"16":7,"17":7,"18":7,"19":7,"20":7,"21":1,"22":1,"23":1,"24":1,"25":0,"26":0,"27":6,"28":6,"29":5,"30":5,"31":5,"32":3,"33":2,"34":2,"35":2,"36":2,"37":1,"38":1,"39":2,"40":0,"41":0,"42":1,"43":1,"44":1,"45":6,"46":1,"47":5,"48":0,"49":6,"50":1,"51":5,"52":5,"53":2,"54":2,"55":2,"56":2,"57":0,"58":0,"59":0,"60":0,"61":2,"62":0,"63":4,"64":0,"65":0,"66":1},"f":{"0":1,"1":1,"2":7,"3":1,"4":0,"5":6,"6":2,"7":0,"8":1,"9":1,"10":6,"11":6,"12":5,"13":2,"14":2,"15":0,"16":2,"17":0,"18":4,"19":0,"20":0},"b":{"0":[1,1],"1":[1,1],"2":[3],"3":[1,0],"4":[1],"5":[0],"6":[1],"7":[0]}}
,"C:\\Users\\Setha\\Desktop\\Application Setharkk\\src\\core\\orchestrator\\config.ts": {"path":"C:\\Users\\Setha\\Desktop\\Application Setharkk\\src\\core\\orchestrator\\config.ts","statementMap":{"0":{"start":{"line":1,"column":13},"end":{"line":37,"column":2}}},"fnMap":{},"branchMap":{"0":{"loc":{"start":{"line":3,"column":14},"end":{"line":3,"column":54}},"type":"binary-expr","locations":[{"start":{"line":3,"column":14},"end":{"line":3,"column":39}},{"start":{"line":3,"column":43},"end":{"line":3,"column":54}}]},"1":{"loc":{"start":{"line":4,"column":23},"end":{"line":4,"column":58}},"type":"binary-expr","locations":[{"start":{"line":4,"column":23},"end":{"line":4,"column":48}},{"start":{"line":4,"column":52},"end":{"line":4,"column":58}}]},"2":{"loc":{"start":{"line":5,"column":18},"end":{"line":5,"column":54}},"type":"binary-expr","locations":[{"start":{"line":5,"column":18},"end":{"line":5,"column":43}},{"start":{"line":5,"column":47},"end":{"line":5,"column":54}}]},"3":{"loc":{"start":{"line":6,"column":18},"end":{"line":6,"column":54}},"type":"binary-expr","locations":[{"start":{"line":6,"column":18},"end":{"line":6,"column":43}},{"start":{"line":6,"column":47},"end":{"line":6,"column":54}}]},"4":{"loc":{"start":{"line":7,"column":15},"end":{"line":7,"column":48}},"type":"binary-expr","locations":[{"start":{"line":7,"column":15},"end":{"line":7,"column":41}},{"start":{"line":7,"column":45},"end":{"line":7,"column":48}}]},"5":{"loc":{"start":{"line":19,"column":14},"end":{"line":19,"column":51}},"type":"binary-expr","locations":[{"start":{"line":19,"column":14},"end":{"line":19,"column":36}},{"start":{"line":19,"column":40},"end":{"line":19,"column":51}}]},"6":{"loc":{"start":{"line":20,"column":23},"end":{"line":20,"column":55}},"type":"binary-expr","locations":[{"start":{"line":20,"column":23},"end":{"line":20,"column":45}},{"start":{"line":20,"column":49},"end":{"line":20,"column":55}}]},"7":{"loc":{"start":{"line":22,"column":21},"end":{"line":22,"column":48}},"type":"binary-expr","locations":[{"start":{"line":22,"column":21},"end":{"line":22,"column":41}},{"start":{"line":22,"column":45},"end":{"line":22,"column":48}}]}},"s":{"0":0},"f":{},"b":{"0":[0,0],"1":[0,0],"2":[0,0],"3":[0,0],"4":[0,0],"5":[0,0],"6":[0,0],"7":[0,0]}}
,"C:\\Users\\Setha\\Desktop\\Application Setharkk\\src\\core\\orchestrator\\index.ts": {"path":"C:\\Users\\Setha\\Desktop\\Application Setharkk\\src\\core\\orchestrator\\index.ts","statementMap":{"0":{"start":{"line":21,"column":0},"end":{"line":21,"column":null}},"1":{"start":{"line":22,"column":4},"end":{"line":22,"column":null}},"2":{"start":{"line":23,"column":4},"end":{"line":23,"column":null}},"3":{"start":{"line":24,"column":4},"end":{"line":24,"column":null}},"4":{"start":{"line":25,"column":4},"end":{"line":25,"column":null}},"5":{"start":{"line":28,"column":0},"end":{"line":28,"column":null}},"6":{"start":{"line":29,"column":4},"end":{"line":29,"column":null}},"7":{"start":{"line":30,"column":4},"end":{"line":30,"column":null}},"8":{"start":{"line":31,"column":4},"end":{"line":31,"column":null}},"9":{"start":{"line":32,"column":4},"end":{"line":32,"column":null}},"10":{"start":{"line":36,"column":12},"end":{"line":36,"column":null}},"11":{"start":{"line":37,"column":12},"end":{"line":37,"column":null}},"12":{"start":{"line":38,"column":12},"end":{"line":38,"column":null}},"13":{"start":{"line":41,"column":8},"end":{"line":41,"column":34}},"14":{"start":{"line":42,"column":8},"end":{"line":42,"column":41}},"15":{"start":{"line":43,"column":8},"end":{"line":43,"column":27}},"16":{"start":{"line":48,"column":8},"end":{"line":48,"column":39}},"17":{"start":{"line":49,"column":8},"end":{"line":49,"column":32}},"18":{"start":{"line":52,"column":8},"end":{"line":52,"column":34}},"19":{"start":{"line":57,"column":8},"end":{"line":57,"column":46}},"20":{"start":{"line":60,"column":8},"end":{"line":60,"column":47}},"21":{"start":{"line":63,"column":8},"end":{"line":63,"column":35}},"22":{"start":{"line":66,"column":8},"end":{"line":66,"column":33}},"23":{"start":{"line":70,"column":24},"end":{"line":70,"column":52}},"24":{"start":{"line":71,"column":8},"end":{"line":71,"column":29}},"25":{"start":{"line":71,"column":22},"end":{"line":71,"column":29}},"26":{"start":{"line":74,"column":8},"end":{"line":74,"column":34}},"27":{"start":{"line":77,"column":8},"end":{"line":77,"column":40}},"28":{"start":{"line":80,"column":8},"end":{"line":80,"column":33}},"29":{"start":{"line":84,"column":24},"end":{"line":84,"column":52}},"30":{"start":{"line":85,"column":8},"end":{"line":85,"column":62}},"31":{"start":{"line":90,"column":8},"end":{"line":90,"column":91}},"32":{"start":{"line":91,"column":8},"end":{"line":91,"column":81}},"33":{"start":{"line":96,"column":8},"end":{"line":96,"column":71}},"34":{"start":{"line":100,"column":8},"end":{"line":105,"column":9}},"35":{"start":{"line":101,"column":24},"end":{"line":101,"column":48}},"36":{"start":{"line":102,"column":12},"end":{"line":104,"column":13}},"37":{"start":{"line":103,"column":16},"end":{"line":103,"column":71}},"38":{"start":{"line":109,"column":22},"end":{"line":109,"column":64}},"39":{"start":{"line":110,"column":8},"end":{"line":115,"column":9}},"40":{"start":{"line":111,"column":29},"end":{"line":111,"column":46}},"41":{"start":{"line":112,"column":12},"end":{"line":114,"column":13}},"42":{"start":{"line":113,"column":16},"end":{"line":113,"column":64}},"43":{"start":{"line":119,"column":22},"end":{"line":119,"column":55}},"44":{"start":{"line":120,"column":8},"end":{"line":120,"column":74}},"45":{"start":{"line":129,"column":4},"end":{"line":129,"column":16}}},"fnMap":{"0":{"name":"(anonymous_0)","decl":{"start":{"line":21,"column":0},"end":{"line":21,"column":5}},"loc":{"start":{"line":21,"column":16},"end":{"line":26,"column":1}}},"1":{"name":"(anonymous_1)","decl":{"start":{"line":28,"column":0},"end":{"line":28,"column":5}},"loc":{"start":{"line":28,"column":18},"end":{"line":33,"column":1}}},"2":{"name":"(anonymous_2)","decl":{"start":{"line":40,"column":4},"end":{"line":40,"column":16}},"loc":{"start":{"line":40,"column":51},"end":{"line":44,"column":5}}},"3":{"name":"(anonymous_3)","decl":{"start":{"line":46,"column":4},"end":{"line":46,"column":9}},"loc":{"start":{"line":46,"column":20},"end":{"line":53,"column":5}}},"4":{"name":"(anonymous_4)","decl":{"start":{"line":55,"column":4},"end":{"line":55,"column":9}},"loc":{"start":{"line":55,"column":43},"end":{"line":67,"column":5}}},"5":{"name":"(anonymous_5)","decl":{"start":{"line":69,"column":4},"end":{"line":69,"column":9}},"loc":{"start":{"line":69,"column":41},"end":{"line":81,"column":5}}},"6":{"name":"(anonymous_6)","decl":{"start":{"line":83,"column":4},"end":{"line":83,"column":9}},"loc":{"start":{"line":83,"column":44},"end":{"line":86,"column":5}}},"7":{"name":"(anonymous_7)","decl":{"start":{"line":88,"column":12},"end":{"line":88,"column":17}},"loc":{"start":{"line":88,"column":35},"end":{"line":92,"column":5}}},"8":{"name":"(anonymous_8)","decl":{"start":{"line":94,"column":12},"end":{"line":94,"column":17}},"loc":{"start":{"line":94,"column":28},"end":{"line":97,"column":5}}},"9":{"name":"(anonymous_9)","decl":{"start":{"line":99,"column":12},"end":{"line":99,"column":17}},"loc":{"start":{"line":99,"column":53},"end":{"line":106,"column":5}}},"10":{"name":"(anonymous_10)","decl":{"start":{"line":108,"column":12},"end":{"line":108,"column":17}},"loc":{"start":{"line":108,"column":30},"end":{"line":116,"column":5}}},"11":{"name":"(anonymous_11)","decl":{"start":{"line":118,"column":12},"end":{"line":118,"column":17}},"loc":{"start":{"line":118,"column":29},"end":{"line":121,"column":5}}}},"branchMap":{"0":{"loc":{"start":{"line":21,"column":5},"end":{"line":21,"column":null}},"type":"binary-expr","locations":[{"start":{"line":21,"column":5},"end":{"line":21,"column":16}},{"start":{"line":21,"column":16},"end":{"line":21,"column":null}}]},"1":{"loc":{"start":{"line":28,"column":5},"end":{"line":28,"column":null}},"type":"binary-expr","locations":[{"start":{"line":28,"column":5},"end":{"line":28,"column":18}},{"start":{"line":28,"column":18},"end":{"line":28,"column":null}}]},"2":{"loc":{"start":{"line":71,"column":8},"end":{"line":71,"column":29}},"type":"if","locations":[{"start":{"line":71,"column":8},"end":{"line":71,"column":29}}]},"3":{"loc":{"start":{"line":85,"column":15},"end":{"line":85,"column":61}},"type":"cond-expr","locations":[{"start":{"line":85,"column":25},"end":{"line":85,"column":39}},{"start":{"line":85,"column":42},"end":{"line":85,"column":61}}]},"4":{"loc":{"start":{"line":102,"column":12},"end":{"line":104,"column":13}},"type":"if","locations":[{"start":{"line":102,"column":12},"end":{"line":104,"column":13}}]},"5":{"loc":{"start":{"line":102,"column":16},"end":{"line":102,"column":60}},"type":"binary-expr","locations":[{"start":{"line":102,"column":16},"end":{"line":102,"column":20}},{"start":{"line":102,"column":24},"end":{"line":102,"column":60}}]},"6":{"loc":{"start":{"line":110,"column":8},"end":{"line":115,"column":9}},"type":"if","locations":[{"start":{"line":110,"column":8},"end":{"line":115,"column":9}}]}},"s":{"0":1,"1":1,"2":1,"3":1,"4":1,"5":1,"6":1,"7":1,"8":1,"9":1,"10":0,"11":0,"12":0,"13":0,"14":0,"15":0,"16":0,"17":0,"18":0,"19":0,"20":0,"21":0,"22":0,"23":0,"24":0,"25":0,"26":0,"27":0,"28":0,"29":0,"30":0,"31":0,"32":0,"33":0,"34":0,"35":0,"36":0,"37":0,"38":0,"39":0,"40":0,"41":0,"42":0,"43":0,"44":0,"45":1},"f":{"0":1,"1":1,"2":0,"3":0,"4":0,"5":0,"6":0,"7":0,"8":0,"9":0,"10":0,"11":0},"b":{"0":[1,1],"1":[1,1],"2":[0],"3":[0,0],"4":[0],"5":[0,0],"6":[0]}}
}
