TN:
SF:src\core\interactive-chat\index.ts
FN:38,(anonymous_0)
FN:45,(anonymous_1)
FN:68,(anonymous_2)
FN:73,(anonymous_3)
FN:85,(anonymous_4)
FN:90,(anonymous_5)
FN:120,(anonymous_6)
FN:124,(anonymous_7)
FN:129,(anonymous_8)
FN:133,(anonymous_9)
FN:138,(anonymous_10)
FN:147,(anonymous_11)
FN:160,(anonymous_12)
FN:161,(anonymous_13)
FN:164,(anonymous_14)
FN:174,(anonymous_15)
FN:182,(anonymous_16)
FN:189,(anonymous_17)
FN:199,(anonymous_18)
FN:207,(anonymous_19)
FN:212,(anonymous_20)
FNF:21
FNH:15
FNDA:1,(anonymous_0)
FNDA:1,(anonymous_1)
FNDA:7,(anonymous_2)
FNDA:1,(anonymous_3)
FNDA:0,(anonymous_4)
FNDA:6,(anonymous_5)
FNDA:2,(anonymous_6)
FNDA:0,(anonymous_7)
FNDA:1,(anonymous_8)
FNDA:1,(anonymous_9)
FNDA:6,(anonymous_10)
FNDA:6,(anonymous_11)
FNDA:5,(anonymous_12)
FNDA:2,(anonymous_13)
FNDA:2,(anonymous_14)
FNDA:0,(anonymous_15)
FNDA:2,(anonymous_16)
FNDA:0,(anonymous_17)
FNDA:4,(anonymous_18)
FNDA:0,(anonymous_19)
FNDA:0,(anonymous_20)
DA:1,1
DA:3,1
DA:38,1
DA:39,1
DA:40,1
DA:41,1
DA:42,1
DA:45,1
DA:46,1
DA:47,1
DA:48,1
DA:58,7
DA:59,7
DA:60,7
DA:61,7
DA:62,7
DA:64,7
DA:65,7
DA:66,7
DA:69,7
DA:70,7
DA:74,1
DA:77,1
DA:80,1
DA:82,1
DA:86,0
DA:87,0
DA:91,6
DA:93,6
DA:96,5
DA:99,5
DA:100,5
DA:101,3
DA:105,2
DA:108,2
DA:111,2
DA:113,2
DA:115,1
DA:116,1
DA:121,2
DA:125,0
DA:126,0
DA:130,1
DA:134,1
DA:135,1
DA:139,6
DA:140,1
DA:142,5
DA:143,0
DA:148,6
DA:149,1
DA:151,5
DA:161,5
DA:169,2
DA:170,2
DA:171,2
DA:175,0
DA:176,0
DA:177,0
DA:179,0
DA:183,2
DA:190,0
DA:200,4
DA:209,0
DA:214,0
DA:227,1
LF:66
LH:54
BRDA:38,0,0,1
BRDA:38,0,1,1
BRDA:45,1,0,1
BRDA:45,1,1,1
BRDA:100,2,0,3
BRDA:115,3,0,1
BRDA:115,3,1,0
BRDA:139,4,0,1
BRDA:142,5,0,0
BRDA:148,6,0,1
BRDA:176,7,0,0
BRF:11
BRH:8
end_of_record
TN:
SF:src\core\orchestrator\config.ts
FNF:0
FNH:0
DA:1,0
LF:1
LH:0
BRDA:3,0,0,0
BRDA:3,0,1,0
BRDA:4,1,0,0
BRDA:4,1,1,0
BRDA:5,2,0,0
BRDA:5,2,1,0
BRDA:6,3,0,0
BRDA:6,3,1,0
BRDA:7,4,0,0
BRDA:7,4,1,0
BRDA:19,5,0,0
BRDA:19,5,1,0
BRDA:20,6,0,0
BRDA:20,6,1,0
BRDA:22,7,0,0
BRDA:22,7,1,0
BRF:16
BRH:0
end_of_record
TN:
SF:src\core\orchestrator\index.ts
FN:21,(anonymous_0)
FN:28,(anonymous_1)
FN:40,(anonymous_2)
FN:46,(anonymous_3)
FN:55,(anonymous_4)
FN:69,(anonymous_5)
FN:83,(anonymous_6)
FN:88,(anonymous_7)
FN:94,(anonymous_8)
FN:99,(anonymous_9)
FN:108,(anonymous_10)
FN:118,(anonymous_11)
FNF:12
FNH:2
FNDA:1,(anonymous_0)
FNDA:1,(anonymous_1)
FNDA:0,(anonymous_2)
FNDA:0,(anonymous_3)
FNDA:0,(anonymous_4)
FNDA:0,(anonymous_5)
FNDA:0,(anonymous_6)
FNDA:0,(anonymous_7)
FNDA:0,(anonymous_8)
FNDA:0,(anonymous_9)
FNDA:0,(anonymous_10)
FNDA:0,(anonymous_11)
DA:21,1
DA:22,1
DA:23,1
DA:24,1
DA:25,1
DA:28,1
DA:29,1
DA:30,1
DA:31,1
DA:32,1
DA:36,0
DA:37,0
DA:38,0
DA:41,0
DA:42,0
DA:43,0
DA:48,0
DA:49,0
DA:52,0
DA:57,0
DA:60,0
DA:63,0
DA:66,0
DA:70,0
DA:71,0
DA:74,0
DA:77,0
DA:80,0
DA:84,0
DA:85,0
DA:90,0
DA:91,0
DA:96,0
DA:100,0
DA:101,0
DA:102,0
DA:103,0
DA:109,0
DA:110,0
DA:111,0
DA:112,0
DA:113,0
DA:119,0
DA:120,0
DA:129,1
LF:45
LH:11
BRDA:21,0,0,1
BRDA:21,0,1,1
BRDA:28,1,0,1
BRDA:28,1,1,1
BRDA:71,2,0,0
BRDA:85,3,0,0
BRDA:85,3,1,0
BRDA:102,4,0,0
BRDA:102,5,0,0
BRDA:102,5,1,0
BRDA:110,6,0,0
BRF:11
BRH:4
end_of_record
