TN:
SF:src\middleware\auth.ts
FN:13,(anonymous_0)
FN:22,(anonymous_1)
FNF:2
FNH:2
FNDA:1,(anonymous_0)
FNDA:1,(anonymous_1)
DA:13,1
DA:15,1
DA:19,1
DA:22,1
DA:24,1
DA:27,1
LF:6
LH:6
BRF:0
BRH:0
end_of_record
TN:
SF:src\services\assistantService.ts
FN:27,(anonymous_0)
FN:32,(anonymous_1)
FN:55,(anonymous_2)
FN:64,(anonymous_3)
FNF:4
FNH:4
FNDA:3,(anonymous_0)
FNDA:2,(anonymous_1)
FNDA:1,(anonymous_2)
FNDA:1,(anonymous_3)
DA:1,1
DA:23,1
DA:28,3
DA:29,3
DA:33,2
DA:44,2
DA:51,2
DA:52,2
DA:56,1
DA:65,1
LF:10
LH:10
BRF:0
BRH:0
end_of_record
TN:
SF:src\services\mlService.ts
FN:22,(anonymous_1)
FN:27,(anonymous_2)
FN:38,(anonymous_3)
FN:49,(anonymous_4)
FNF:4
FNH:4
FNDA:4,(anonymous_1)
FNDA:1,(anonymous_2)
FNDA:1,(anonymous_3)
FNDA:2,(anonymous_4)
DA:1,1
DA:2,1
DA:18,1
DA:23,4
DA:24,4
DA:28,1
DA:29,1
DA:30,1
DA:31,1
DA:33,0
DA:34,0
DA:39,1
DA:40,1
DA:41,1
DA:42,1
DA:44,0
DA:45,0
DA:50,2
DA:51,2
DA:52,1
DA:53,1
DA:55,1
DA:56,1
LF:23
LH:19
BRDA:24,0,0,4
BRDA:24,0,1,4
BRF:2
BRH:2
end_of_record
TN:
SF:src\utils\logger.ts
FN:4,(anonymous_0)
FN:8,(anonymous_1)
FN:12,(anonymous_2)
FN:16,(anonymous_3)
FN:20,(anonymous_4)
FNF:5
FNH:5
FNDA:12,(anonymous_0)
FNDA:7,(anonymous_1)
FNDA:2,(anonymous_2)
FNDA:1,(anonymous_3)
FNDA:1,(anonymous_4)
DA:1,3
DA:5,12
DA:9,7
DA:13,2
DA:17,1
DA:21,1
LF:6
LH:6
BRDA:9,0,0,7
BRDA:9,0,1,7
BRDA:13,1,0,2
BRDA:13,1,1,0
BRDA:17,2,0,1
BRDA:17,2,1,1
BRDA:21,3,0,1
BRDA:21,3,1,0
BRF:8
BRH:6
end_of_record
